<?xml version="1.0" encoding="UTF-8"?>
<!-- Generated by org.testng.reporters.JUnitReportReporter -->
<testsuite hostname="DESKTOP-1GQJUKG" failures="0" tests="1" name="Runner.TestRun" time="4.334" errors="0" timestamp="2023-01-15T17:48:03 COT" skipped="0">
  <testcase classname="Runner.TestRun" name="runScenario" time="4.334"/>
  <system-out/>
</testsuite> <!-- Runner.TestRun -->
